{"C:\\Users\\Verissimo\\Documents\\GitHub\\Laboratorio-de-Programacao\\src\\teste.js": {"path":"C:\\Users\\Verissimo\\Documents\\GitHub\\Laboratorio-de-Programacao\\src\\teste.js","statementMap":{"0":{"start":{"line":1,"column":35},"end":{"line":23,"column":1}},"1":{"start":{"line":3,"column":18},"end":{"line":3,"column":48}},"2":{"start":{"line":5,"column":4},"end":{"line":5,"column":41}},"3":{"start":{"line":7,"column":21},"end":{"line":15,"column":5}},"4":{"start":{"line":17,"column":4},"end":{"line":17,"column":44}},"5":{"start":{"line":19,"column":17},"end":{"line":19,"column":38}},"6":{"start":{"line":21,"column":4},"end":{"line":21,"column":35}}},"fnMap":{"0":{"name":"(anonymous_0)","decl":{"start":{"line":1,"column":35},"end":{"line":1,"column":40}},"loc":{"start":{"line":1,"column":47},"end":{"line":23,"column":1}},"line":1}},"branchMap":{},"s":{"0":2,"1":0,"2":0,"3":0,"4":0,"5":0,"6":0},"f":{"0":0},"b":{},"meta":{"lastBranch":0,"lastFunction":1,"lastStatement":7,"seen":{"s:1:35:23:1":0,"f:1:35:1:40":0,"s:3:18:3:48":1,"s:5:4:5:41":2,"s:7:21:15:5":3,"s:17:4:17:44":4,"s:19:17:19:38":5,"s:21:4:21:35":6}}}
,"C:\\Users\\Verissimo\\Documents\\GitHub\\Laboratorio-de-Programacao\\src\\Components\\Eventos\\EventoForm.jsx": {"path":"C:\\Users\\Verissimo\\Documents\\GitHub\\Laboratorio-de-Programacao\\src\\Components\\Eventos\\EventoForm.jsx","statementMap":{"0":{"start":{"line":3,"column":19},"end":{"line":112,"column":null}},"1":{"start":{"line":5,"column":24},"end":{"line":10,"column":null}},"2":{"start":{"line":12,"column":28},"end":{"line":12,"column":null}},"3":{"start":{"line":14,"column":4},"end":{"line":20,"column":null}},"4":{"start":{"line":15,"column":8},"end":{"line":19,"column":null}},"5":{"start":{"line":16,"column":12},"end":{"line":16,"column":null}},"6":{"start":{"line":18,"column":12},"end":{"line":18,"column":null}},"7":{"start":{"line":22,"column":25},"end":{"line":27,"column":null}},"8":{"start":{"line":23,"column":8},"end":{"line":26,"column":null}},"9":{"start":{"line":29,"column":25},"end":{"line":35,"column":null}},"10":{"start":{"line":30,"column":8},"end":{"line":30,"column":null}},"11":{"start":{"line":32,"column":8},"end":{"line":32,"column":null}},"12":{"start":{"line":34,"column":8},"end":{"line":34,"column":null}},"13":{"start":{"line":37,"column":4},"end":{"line":110,"column":null}},"14":{"start":{"line":101,"column":32},"end":{"line":101,"column":null}},"15":{"start":{"line":102,"column":32},"end":{"line":102,"column":null}}},"fnMap":{"0":{"name":"(anonymous_0)","decl":{"start":{"line":3,"column":19},"end":{"line":3,"column":20}},"loc":{"start":{"line":3,"column":62},"end":{"line":112,"column":null}},"line":3},"1":{"name":"(anonymous_1)","decl":{"start":{"line":14,"column":14},"end":{"line":14,"column":20}},"loc":{"start":{"line":14,"column":20},"end":{"line":20,"column":7}},"line":14},"2":{"name":"(anonymous_2)","decl":{"start":{"line":22,"column":25},"end":{"line":22,"column":26}},"loc":{"start":{"line":22,"column":32},"end":{"line":27,"column":null}},"line":22},"3":{"name":"(anonymous_3)","decl":{"start":{"line":29,"column":25},"end":{"line":29,"column":32}},"loc":{"start":{"line":29,"column":38},"end":{"line":35,"column":null}},"line":29},"4":{"name":"(anonymous_4)","decl":{"start":{"line":100,"column":37},"end":{"line":100,"column":43}},"loc":{"start":{"line":100,"column":43},"end":{"line":103,"column":null}},"line":100}},"branchMap":{"0":{"loc":{"start":{"line":15,"column":8},"end":{"line":19,"column":null}},"type":"if","locations":[{"start":{"line":15,"column":8},"end":{"line":19,"column":null}},{"start":{"line":17,"column":15},"end":{"line":19,"column":null}}],"line":15},"1":{"loc":{"start":{"line":39,"column":13},"end":{"line":47,"column":null}},"type":"cond-expr","locations":[{"start":{"line":40,"column":16},"end":{"line":43,"column":null}},{"start":{"line":45,"column":16},"end":{"line":47,"column":null}}],"line":39},"2":{"loc":{"start":{"line":91,"column":25},"end":{"line":93,"column":null}},"type":"cond-expr","locations":[{"start":{"line":92,"column":30},"end":{"line":92,"column":null}},{"start":{"line":93,"column":30},"end":{"line":93,"column":null}}],"line":91},"3":{"loc":{"start":{"line":96,"column":21},"end":{"line":106,"column":null}},"type":"binary-expr","locations":[{"start":{"line":96,"column":21},"end":{"line":96,"column":null}},{"start":{"line":97,"column":24},"end":{"line":106,"column":null}}],"line":96}},"s":{"0":1,"1":17,"2":17,"3":17,"4":8,"5":4,"6":4,"7":17,"8":2,"9":17,"10":1,"11":1,"12":1,"13":17,"14":1,"15":1},"f":{"0":17,"1":8,"2":2,"3":1,"4":1},"b":{"0":[4,4],"1":[9,8],"2":[9,8],"3":[17,9]},"meta":{"lastBranch":4,"lastFunction":5,"lastStatement":16,"seen":{"s:3:19:112:Infinity":0,"f:3:19:3:20":0,"s:5:24:10:Infinity":1,"s:12:28:12:Infinity":2,"s:14:4:20:Infinity":3,"f:14:14:14:20":1,"b:15:8:19:Infinity:17:15:19:Infinity":0,"s:15:8:19:Infinity":4,"s:16:12:16:Infinity":5,"s:18:12:18:Infinity":6,"s:22:25:27:Infinity":7,"f:22:25:22:26":2,"s:23:8:26:Infinity":8,"s:29:25:35:Infinity":9,"f:29:25:29:32":3,"s:30:8:30:Infinity":10,"s:32:8:32:Infinity":11,"s:34:8:34:Infinity":12,"s:37:4:110:Infinity":13,"b:40:16:43:Infinity:45:16:47:Infinity":1,"b:92:30:92:Infinity:93:30:93:Infinity":2,"b:96:21:96:Infinity:97:24:106:Infinity":3,"f:100:37:100:43":4,"s:101:32:101:Infinity":14,"s:102:32:102:Infinity":15}}}
,"C:\\Users\\Verissimo\\Documents\\GitHub\\Laboratorio-de-Programacao\\src\\Components\\Login\\Login.css": {"path":"C:\\Users\\Verissimo\\Documents\\GitHub\\Laboratorio-de-Programacao\\src\\Components\\Login\\Login.css","statementMap":{},"fnMap":{},"branchMap":{},"s":{},"f":{},"b":{},"meta":{"lastBranch":0,"lastFunction":0,"lastStatement":0,"seen":{}}}
,"C:\\Users\\Verissimo\\Documents\\GitHub\\Laboratorio-de-Programacao\\src\\Components\\Login\\Login.jsx": {"path":"C:\\Users\\Verissimo\\Documents\\GitHub\\Laboratorio-de-Programacao\\src\\Components\\Login\\Login.jsx","statementMap":{"0":{"start":{"line":9,"column":14},"end":{"line":72,"column":null}},"1":{"start":{"line":11,"column":10},"end":{"line":11,"column":null}},"2":{"start":{"line":13,"column":26},"end":{"line":13,"column":null}},"3":{"start":{"line":14,"column":32},"end":{"line":14,"column":null}},"4":{"start":{"line":15,"column":34},"end":{"line":15,"column":null}},"5":{"start":{"line":17,"column":25},"end":{"line":29,"column":null}},"6":{"start":{"line":18,"column":8},"end":{"line":18,"column":null}},"7":{"start":{"line":20,"column":24},"end":{"line":23,"column":null}},"8":{"start":{"line":25,"column":8},"end":{"line":28,"column":null}},"9":{"start":{"line":26,"column":12},"end":{"line":26,"column":null}},"10":{"start":{"line":27,"column":12},"end":{"line":27,"column":null}},"11":{"start":{"line":31,"column":4},"end":{"line":70,"column":null}},"12":{"start":{"line":40,"column":41},"end":{"line":40,"column":null}},"13":{"start":{"line":49,"column":41},"end":{"line":49,"column":null}},"14":{"start":{"line":56,"column":39},"end":{"line":56,"column":null}}},"fnMap":{"0":{"name":"(anonymous_0)","decl":{"start":{"line":9,"column":14},"end":{"line":9,"column":20}},"loc":{"start":{"line":9,"column":20},"end":{"line":72,"column":null}},"line":9},"1":{"name":"(anonymous_1)","decl":{"start":{"line":17,"column":25},"end":{"line":17,"column":32}},"loc":{"start":{"line":17,"column":42},"end":{"line":29,"column":null}},"line":17},"2":{"name":"(anonymous_2)","decl":{"start":{"line":40,"column":34},"end":{"line":40,"column":35}},"loc":{"start":{"line":40,"column":41},"end":{"line":40,"column":null}},"line":40},"3":{"name":"(anonymous_3)","decl":{"start":{"line":49,"column":34},"end":{"line":49,"column":35}},"loc":{"start":{"line":49,"column":41},"end":{"line":49,"column":null}},"line":49},"4":{"name":"(anonymous_4)","decl":{"start":{"line":56,"column":33},"end":{"line":56,"column":39}},"loc":{"start":{"line":56,"column":39},"end":{"line":56,"column":null}},"line":56}},"branchMap":{"0":{"loc":{"start":{"line":25,"column":8},"end":{"line":28,"column":null}},"type":"if","locations":[{"start":{"line":25,"column":8},"end":{"line":28,"column":null}},{"start":{},"end":{}}],"line":25},"1":{"loc":{"start":{"line":47,"column":30},"end":{"line":47,"column":null}},"type":"cond-expr","locations":[{"start":{"line":47,"column":42},"end":{"line":47,"column":51}},{"start":{"line":47,"column":51},"end":{"line":47,"column":null}}],"line":47},"2":{"loc":{"start":{"line":58,"column":25},"end":{"line":58,"column":null}},"type":"cond-expr","locations":[{"start":{"line":58,"column":37},"end":{"line":58,"column":54}},{"start":{"line":58,"column":54},"end":{"line":58,"column":null}}],"line":58}},"s":{"0":4,"1":25,"2":25,"3":25,"4":25,"5":25,"6":2,"7":2,"8":2,"9":2,"10":2,"11":25,"12":4,"13":4,"14":4},"f":{"0":25,"1":2,"2":4,"3":4,"4":4},"b":{"0":[2,0],"1":[2,23],"2":[2,23]},"meta":{"lastBranch":3,"lastFunction":5,"lastStatement":15,"seen":{"s:9:14:72:Infinity":0,"f:9:14:9:20":0,"s:11:10:11:Infinity":1,"s:13:26:13:Infinity":2,"s:14:32:14:Infinity":3,"s:15:34:15:Infinity":4,"s:17:25:29:Infinity":5,"f:17:25:17:32":1,"s:18:8:18:Infinity":6,"s:20:24:23:Infinity":7,"b:25:8:28:Infinity:undefined:undefined:undefined:undefined":0,"s:25:8:28:Infinity":8,"s:26:12:26:Infinity":9,"s:27:12:27:Infinity":10,"s:31:4:70:Infinity":11,"f:40:34:40:35":2,"s:40:41:40:Infinity":12,"b:47:42:47:51:47:51:47:Infinity":1,"f:49:34:49:35":3,"s:49:41:49:Infinity":13,"f:56:33:56:39":4,"s:56:39:56:Infinity":14,"b:58:37:58:54:58:54:58:Infinity":2}}}
,"C:\\Users\\Verissimo\\Documents\\GitHub\\Laboratorio-de-Programacao\\src\\Components\\Login\\loginService.js": {"path":"C:\\Users\\Verissimo\\Documents\\GitHub\\Laboratorio-de-Programacao\\src\\Components\\Login\\loginService.js","statementMap":{"0":{"start":{"line":1,"column":27},"end":{"line":40,"column":1}},"1":{"start":{"line":2,"column":21},"end":{"line":14,"column":5}},"2":{"start":{"line":16,"column":17},"end":{"line":16,"column":38}},"3":{"start":{"line":18,"column":4},"end":{"line":36,"column":5}},"4":{"start":{"line":20,"column":8},"end":{"line":23,"column":10}},"5":{"start":{"line":25,"column":8},"end":{"line":28,"column":10}},"6":{"start":{"line":30,"column":8},"end":{"line":33,"column":10}},"7":{"start":{"line":35,"column":8},"end":{"line":35,"column":20}},"8":{"start":{"line":38,"column":4},"end":{"line":38,"column":22}},"9":{"start":{"line":39,"column":4},"end":{"line":39,"column":17}}},"fnMap":{"0":{"name":"(anonymous_0)","decl":{"start":{"line":1,"column":27},"end":{"line":1,"column":32}},"loc":{"start":{"line":1,"column":54},"end":{"line":40,"column":1}},"line":1}},"branchMap":{"0":{"loc":{"start":{"line":18,"column":4},"end":{"line":36,"column":5}},"type":"if","locations":[{"start":{"line":18,"column":4},"end":{"line":36,"column":5}},{"start":{},"end":{}}],"line":18}},"s":{"0":3,"1":2,"2":2,"3":2,"4":1,"5":1,"6":1,"7":1,"8":1,"9":1},"f":{"0":2},"b":{"0":[1,1]},"meta":{"lastBranch":1,"lastFunction":1,"lastStatement":10,"seen":{"s:1:27:40:1":0,"f:1:27:1:32":0,"s:2:21:14:5":1,"s:16:17:16:38":2,"b:18:4:36:5:undefined:undefined:undefined:undefined":0,"s:18:4:36:5":3,"s:20:8:23:10":4,"s:25:8:28:10":5,"s:30:8:33:10":6,"s:35:8:35:20":7,"s:38:4:38:22":8,"s:39:4:39:17":9}}}
,"C:\\Users\\Verissimo\\Documents\\GitHub\\Laboratorio-de-Programacao\\src\\Components\\Register\\Register.css": {"path":"C:\\Users\\Verissimo\\Documents\\GitHub\\Laboratorio-de-Programacao\\src\\Components\\Register\\Register.css","statementMap":{},"fnMap":{},"branchMap":{},"s":{},"f":{},"b":{},"meta":{"lastBranch":0,"lastFunction":0,"lastStatement":0,"seen":{}}}
,"C:\\Users\\Verissimo\\Documents\\GitHub\\Laboratorio-de-Programacao\\src\\Components\\Register\\Register.jsx": {"path":"C:\\Users\\Verissimo\\Documents\\GitHub\\Laboratorio-de-Programacao\\src\\Components\\Register\\Register.jsx","statementMap":{"0":{"start":{"line":15,"column":17},"end":{"line":165,"column":null}},"1":{"start":{"line":17,"column":10},"end":{"line":17,"column":null}},"2":{"start":{"line":19,"column":32},"end":{"line":26,"column":null}},"3":{"start":{"line":28,"column":30},"end":{"line":28,"column":null}},"4":{"start":{"line":29,"column":38},"end":{"line":29,"column":null}},"5":{"start":{"line":31,"column":21},"end":{"line":36,"column":null}},"6":{"start":{"line":32,"column":4},"end":{"line":35,"column":null}},"7":{"start":{"line":41,"column":6},"end":{"line":41,"column":null}},"8":{"start":{"line":44,"column":21},"end":{"line":62,"column":null}},"9":{"start":{"line":45,"column":4},"end":{"line":45,"column":null}},"10":{"start":{"line":47,"column":4},"end":{"line":50,"column":null}},"11":{"start":{"line":48,"column":8},"end":{"line":48,"column":null}},"12":{"start":{"line":49,"column":8},"end":{"line":49,"column":null}},"13":{"start":{"line":52,"column":4},"end":{"line":55,"column":null}},"14":{"start":{"line":53,"column":8},"end":{"line":53,"column":null}},"15":{"start":{"line":54,"column":8},"end":{"line":54,"column":null}},"16":{"start":{"line":57,"column":20},"end":{"line":57,"column":null}},"17":{"start":{"line":59,"column":4},"end":{"line":61,"column":null}},"18":{"start":{"line":60,"column":8},"end":{"line":60,"column":null}},"19":{"start":{"line":64,"column":0},"end":{"line":163,"column":null}},"20":{"start":{"line":119,"column":52},"end":{"line":119,"column":null}},"21":{"start":{"line":149,"column":27},"end":{"line":149,"column":null}}},"fnMap":{"0":{"name":"(anonymous_0)","decl":{"start":{"line":15,"column":17},"end":{"line":15,"column":23}},"loc":{"start":{"line":15,"column":23},"end":{"line":165,"column":null}},"line":15},"1":{"name":"(anonymous_1)","decl":{"start":{"line":31,"column":21},"end":{"line":31,"column":22}},"loc":{"start":{"line":31,"column":28},"end":{"line":36,"column":null}},"line":31},"2":{"name":"(anonymous_2)","decl":{"start":{"line":44,"column":21},"end":{"line":44,"column":28}},"loc":{"start":{"line":44,"column":34},"end":{"line":62,"column":null}},"line":44},"3":{"name":"(anonymous_3)","decl":{"start":{"line":119,"column":46},"end":{"line":119,"column":52}},"loc":{"start":{"line":119,"column":52},"end":{"line":119,"column":null}},"line":119},"4":{"name":"(anonymous_4)","decl":{"start":{"line":149,"column":21},"end":{"line":149,"column":27}},"loc":{"start":{"line":149,"column":27},"end":{"line":149,"column":null}},"line":149}},"branchMap":{"0":{"loc":{"start":{"line":47,"column":4},"end":{"line":50,"column":null}},"type":"if","locations":[{"start":{"line":47,"column":4},"end":{"line":50,"column":null}},{"start":{},"end":{}}],"line":47},"1":{"loc":{"start":{"line":47,"column":8},"end":{"line":47,"column":75}},"type":"binary-expr","locations":[{"start":{"line":47,"column":8},"end":{"line":47,"column":32}},{"start":{"line":47,"column":32},"end":{"line":47,"column":55}},{"start":{"line":47,"column":55},"end":{"line":47,"column":75}}],"line":47},"2":{"loc":{"start":{"line":52,"column":4},"end":{"line":55,"column":null}},"type":"if","locations":[{"start":{"line":52,"column":4},"end":{"line":55,"column":null}},{"start":{},"end":{}}],"line":52},"3":{"loc":{"start":{"line":59,"column":4},"end":{"line":61,"column":null}},"type":"if","locations":[{"start":{"line":59,"column":4},"end":{"line":61,"column":null}},{"start":{},"end":{}}],"line":59},"4":{"loc":{"start":{"line":112,"column":22},"end":{"line":112,"column":null}},"type":"cond-expr","locations":[{"start":{"line":112,"column":34},"end":{"line":112,"column":43}},{"start":{"line":112,"column":43},"end":{"line":112,"column":null}}],"line":112},"5":{"loc":{"start":{"line":120,"column":17},"end":{"line":120,"column":null}},"type":"cond-expr","locations":[{"start":{"line":120,"column":29},"end":{"line":120,"column":46}},{"start":{"line":120,"column":46},"end":{"line":120,"column":null}}],"line":120},"6":{"loc":{"start":{"line":126,"column":26},"end":{"line":126,"column":59}},"type":"cond-expr","locations":[{"start":{"line":126,"column":48},"end":{"line":126,"column":55}},{"start":{"line":126,"column":55},"end":{"line":126,"column":59}}],"line":126},"7":{"loc":{"start":{"line":129,"column":26},"end":{"line":129,"column":58}},"type":"cond-expr","locations":[{"start":{"line":129,"column":47},"end":{"line":129,"column":54}},{"start":{"line":129,"column":54},"end":{"line":129,"column":58}}],"line":129},"8":{"loc":{"start":{"line":132,"column":26},"end":{"line":132,"column":57}},"type":"cond-expr","locations":[{"start":{"line":132,"column":46},"end":{"line":132,"column":53}},{"start":{"line":132,"column":53},"end":{"line":132,"column":57}}],"line":132},"9":{"loc":{"start":{"line":140,"column":18},"end":{"line":140,"column":null}},"type":"cond-expr","locations":[{"start":{"line":140,"column":34},"end":{"line":140,"column":43}},{"start":{"line":140,"column":43},"end":{"line":140,"column":null}}],"line":140},"10":{"loc":{"start":{"line":151,"column":13},"end":{"line":151,"column":null}},"type":"cond-expr","locations":[{"start":{"line":151,"column":29},"end":{"line":151,"column":46}},{"start":{"line":151,"column":46},"end":{"line":151,"column":null}}],"line":151}},"s":{"0":4,"1":42,"2":42,"3":42,"4":42,"5":42,"6":17,"7":42,"8":42,"9":2,"10":2,"11":1,"12":1,"13":1,"14":0,"15":0,"16":1,"17":1,"18":1,"19":42,"20":4,"21":2},"f":{"0":42,"1":17,"2":2,"3":4,"4":2},"b":{"0":[1,1],"1":[2,1,1],"2":[0,1],"3":[1,0],"4":[2,40],"5":[2,40],"6":[9,33],"7":[9,33],"8":[9,33],"9":[1,41],"10":[1,41]},"meta":{"lastBranch":11,"lastFunction":5,"lastStatement":22,"seen":{"s:15:17:165:Infinity":0,"f:15:17:15:23":0,"s:17:10:17:Infinity":1,"s:19:32:26:Infinity":2,"s:28:30:28:Infinity":3,"s:29:38:29:Infinity":4,"s:31:21:36:Infinity":5,"f:31:21:31:22":1,"s:32:4:35:Infinity":6,"s:41:6:41:Infinity":7,"s:44:21:62:Infinity":8,"f:44:21:44:28":2,"s:45:4:45:Infinity":9,"b:47:4:50:Infinity:undefined:undefined:undefined:undefined":0,"s:47:4:50:Infinity":10,"b:47:8:47:32:47:32:47:55:47:55:47:75":1,"s:48:8:48:Infinity":11,"s:49:8:49:Infinity":12,"b:52:4:55:Infinity:undefined:undefined:undefined:undefined":2,"s:52:4:55:Infinity":13,"s:53:8:53:Infinity":14,"s:54:8:54:Infinity":15,"s:57:20:57:Infinity":16,"b:59:4:61:Infinity:undefined:undefined:undefined:undefined":3,"s:59:4:61:Infinity":17,"s:60:8:60:Infinity":18,"s:64:0:163:Infinity":19,"b:112:34:112:43:112:43:112:Infinity":4,"f:119:46:119:52":3,"s:119:52:119:Infinity":20,"b:120:29:120:46:120:46:120:Infinity":5,"b:126:48:126:55:126:55:126:59":6,"b:129:47:129:54:129:54:129:58":7,"b:132:46:132:53:132:53:132:57":8,"b:140:34:140:43:140:43:140:Infinity":9,"f:149:21:149:27":4,"s:149:27:149:Infinity":21,"b:151:29:151:46:151:46:151:Infinity":10}}}
,"C:\\Users\\Verissimo\\Documents\\GitHub\\Laboratorio-de-Programacao\\src\\Components\\Register\\registerService.js": {"path":"C:\\Users\\Verissimo\\Documents\\GitHub\\Laboratorio-de-Programacao\\src\\Components\\Register\\registerService.js","statementMap":{"0":{"start":{"line":1,"column":30},"end":{"line":25,"column":1}},"1":{"start":{"line":2,"column":21},"end":{"line":14,"column":6}},"2":{"start":{"line":16,"column":17},"end":{"line":16,"column":38}},"3":{"start":{"line":18,"column":4},"end":{"line":24,"column":5}},"4":{"start":{"line":19,"column":8},"end":{"line":19,"column":45}},"5":{"start":{"line":20,"column":8},"end":{"line":20,"column":20}},"6":{"start":{"line":22,"column":8},"end":{"line":22,"column":26}},"7":{"start":{"line":23,"column":8},"end":{"line":23,"column":21}}},"fnMap":{"0":{"name":"(anonymous_0)","decl":{"start":{"line":1,"column":30},"end":{"line":1,"column":35}},"loc":{"start":{"line":1,"column":50},"end":{"line":25,"column":1}},"line":1}},"branchMap":{"0":{"loc":{"start":{"line":18,"column":4},"end":{"line":24,"column":5}},"type":"if","locations":[{"start":{"line":18,"column":4},"end":{"line":24,"column":5}},{"start":{"line":21,"column":11},"end":{"line":24,"column":5}}],"line":18}},"s":{"0":4,"1":2,"2":2,"3":2,"4":1,"5":1,"6":1,"7":1},"f":{"0":2},"b":{"0":[1,1]},"meta":{"lastBranch":1,"lastFunction":1,"lastStatement":8,"seen":{"s:1:30:25:1":0,"f:1:30:1:35":0,"s:2:21:14:6":1,"s:16:17:16:38":2,"b:18:4:24:5:21:11:24:5":0,"s:18:4:24:5":3,"s:19:8:19:45":4,"s:20:8:20:20":5,"s:22:8:22:26":6,"s:23:8:23:21":7}}}
,"C:\\Users\\Verissimo\\Documents\\GitHub\\Laboratorio-de-Programacao\\src\\utils\\validarSenha.js": {"path":"C:\\Users\\Verissimo\\Documents\\GitHub\\Laboratorio-de-Programacao\\src\\utils\\validarSenha.js","statementMap":{"0":{"start":{"line":1,"column":28},"end":{"line":7,"column":1}},"1":{"start":{"line":2,"column":4},"end":{"line":6,"column":6}}},"fnMap":{"0":{"name":"(anonymous_0)","decl":{"start":{"line":1,"column":28},"end":{"line":1,"column":29}},"loc":{"start":{"line":1,"column":39},"end":{"line":7,"column":1}},"line":1}},"branchMap":{},"s":{"0":5,"1":47},"f":{"0":47},"b":{},"meta":{"lastBranch":0,"lastFunction":1,"lastStatement":2,"seen":{"s:1:28:7:1":0,"f:1:28:1:29":0,"s:2:4:6:6":1}}}
}
